proguard/mapping.txt
com.dealersaleschannel.tv.AboutActivity -> com.dealersaleschannel.tv.AboutActivity:
    void onCreate(android.os.Bundle) -> onCreate
    boolean onKeyDown(int,android.view.KeyEvent) -> onKeyDown
com.dealersaleschannel.tv.AutoResizeTextView -> com.dealersaleschannel.tv.AutoResizeTextView:
    com.dealersaleschannel.tv.AutoResizeTextView$OnTextResizeListener mTextResizeListener -> a
    boolean mNeedsResize -> b
    float mTextSize -> c
    float mMaxTextSize -> d
    float mMinTextSize -> e
    float mCalculatedTextSize -> f
    float mSpacingMult -> g
    float mSpacingAdd -> h
    boolean mAddEllipsis -> i
    boolean noWrap -> j
    float getCalculatedTextSize() -> getCalculatedTextSize
    void onTextChanged(java.lang.CharSequence,int,int,int) -> onTextChanged
    void onSizeChanged(int,int,int,int) -> onSizeChanged
    void setOnResizeListener(com.dealersaleschannel.tv.AutoResizeTextView$OnTextResizeListener) -> setOnResizeListener
    void setTextSize(float) -> setTextSize
    void setTextSize(int,float) -> setTextSize
    void setLineSpacing(float,float) -> setLineSpacing
    void setMaxTextSize(float) -> setMaxTextSize
    float getMaxTextSize() -> getMaxTextSize
    void setMinTextSize(float) -> setMinTextSize
    float getMinTextSize() -> getMinTextSize
    void setAddEllipsis(boolean) -> setAddEllipsis
    boolean getAddEllipsis() -> getAddEllipsis
    void setNoWrap(boolean) -> setNoWrap
    boolean getNoWrap() -> getNoWrap
    void onLayout(boolean,int,int,int,int) -> onLayout
    int getTextHeight(java.lang.CharSequence,android.text.TextPaint,int,float) -> a
com.dealersaleschannel.tv.AutoResizeTextView$OnTextResizeListener -> com.dealersaleschannel.tv.a:
com.dealersaleschannel.tv.DataHandler -> com.dealersaleschannel.tv.b:
    java.util.ArrayList theSlides -> b
    com.dealersaleschannel.tv.Slide currSlide -> c
    boolean isText -> d
    boolean isName -> e
    java.lang.StringBuilder currentNameStringBuilder -> f
    java.lang.StringBuilder currentTextStringBuilder -> g
    java.lang.StringBuilder currText -> h
    boolean isInitialLoad -> a
    int nodeCount -> i
    void startDocument() -> startDocument
    void endDocument() -> endDocument
    void startElement(java.lang.String,java.lang.String,java.lang.String,org.xml.sax.Attributes) -> startElement
    void endElement(java.lang.String,java.lang.String,java.lang.String) -> endElement
    void characters(char[],int,int) -> characters
    java.util.ArrayList getData(java.lang.String) -> a
com.dealersaleschannel.tv.DownloadFile -> com.dealersaleschannel.tv.c:
    java.lang.String status -> a
    boolean syncing -> b
    java.lang.String doInBackground(java.lang.String[]) -> a
    java.lang.Object doInBackground(java.lang.Object[]) -> doInBackground
com.dealersaleschannel.tv.EncryptionTools -> com.dealersaleschannel.tv.d:
    java.lang.String characterEncoding -> a
    java.lang.String cipherTransformation -> b
    java.lang.String aesEncryptionAlgorithm -> c
    byte[] getKeyBytes(java.lang.String) -> a
...
android.support.v4.app.FragmentManagerImpl$1 -> android.support.v4.app.m:
    android.support.v4.app.FragmentManagerImpl this$0 -> a
    void run() -> run
android.support.v4.app.FragmentManagerImpl$5 -> android.support.v4.app.n:
    android.support.v4.app.Fragment val$fragment -> a
    android.support.v4.app.FragmentManagerImpl this$0 -> b
    void onAnimationEnd(android.view.animation.Animation) -> onAnimationEnd
    void onAnimationRepeat(android.view.animation.Animation) -> onAnimationRepeat
    void onAnimationStart(android.view.animation.Animation) -> onAnimationStart
android.support.v4.app.FragmentManagerState -> android.support.v4.app.FragmentManagerState:
    android.support.v4.app.FragmentState[] mActive -> a
    int[] mAdded -> b
    android.support.v4.app.BackStackState[] mBackStack -> c
    android.os.Parcelable$Creator CREATOR -> CREATOR
    int describeContents() -> describeContents
    void writeToParcel(android.os.Parcel,int) -> writeToParcel
android.support.v4.app.FragmentManagerState$1 -> android.support.v4.app.o:
    java.lang.Object[] newArray(int) -> newArray
    java.lang.Object createFromParcel(android.os.Parcel) -> createFromParcel
android.support.v4.app.FragmentState -> android.support.v4.app.FragmentState:
    java.lang.String mClassName -> a
    int mIndex -> b
    boolean mFromLayout -> c
    int mFragmentId -> d
    int mContainerId -> e
    java.lang.String mTag -> f
    boolean mRetainInstance -> g
    boolean mDetached -> h
    android.os.Bundle mArguments -> i
    android.os.Bundle mSavedFragmentState -> j
    android.support.v4.app.Fragment mInstance -> k
    android.os.Parcelable$Creator CREATOR -> CREATOR
    android.support.v4.app.Fragment instantiate(android.support.v4.app.FragmentActivity,android.support.v4.app.Fragment) -> a
    int describeContents() -> describeContents
    void writeToParcel(android.os.Parcel,int) -> writeToParcel
android.support.v4.app.FragmentState$1 -> android.support.v4.app.p:
    java.lang.Object[] newArray(int) -> newArray
    java.lang.Object createFromParcel(android.os.Parcel) -> createFromParcel
android.support.v4.app.FragmentTabHost -> android.support.v4.app.FragmentTabHost:
    java.util.ArrayList mTabs -> a
    android.content.Context mContext -> b
    android.support.v4.app.FragmentManager mFragmentManager -> c
    int mContainerId -> d
    android.widget.TabHost$OnTabChangeListener mOnTabChangeListener -> e
    android.support.v4.app.FragmentTabHost$TabInfo mLastTab -> f
    boolean mAttached -> g
    void setup() -> setup
    void setOnTabChangedListener(android.widget.TabHost$OnTabChangeListener) -> setOnTabChangedListener
    void onAttachedToWindow() -> onAttachedToWindow
    void onDetachedFromWindow() -> onDetachedFromWindow
    android.os.Parcelable onSaveInstanceState() -> onSaveInstanceState
    void onRestoreInstanceState(android.os.Parcelable) -> onRestoreInstanceState
    void onTabChanged(java.lang.String) -> onTabChanged
    android.support.v4.app.FragmentTransaction doTabChanged(java.lang.String,android.support.v4.app.FragmentTransaction) -> a
android.support.v4.app.FragmentTabHost$SavedState -> android.support.v4.app.FragmentTabHost$SavedState:
    java.lang.String curTab -> a
    android.os.Parcelable$Creator CREATOR -> CREATOR
    void writeToParcel(android.os.Parcel,int) -> writeToParcel
    java.lang.String toString() -> toString
android.support.v4.app.FragmentTabHost$SavedState$1 -> android.support.v4.app.q:
    java.lang.Object[] newArray(int) -> newArray
    java.lang.Object createFromParcel(android.os.Parcel) -> createFromParcel
android.support.v4.app.FragmentTabHost$TabInfo -> android.support.v4.app.r:
    java.lang.String tag -> a
    java.lang.Class clss -> b
    android.os.Bundle args -> c
    android.support.v4.app.Fragment fragment -> d