proguard/usage.txt
com.dealersaleschannel.tv.AutoResizeTextView:
    public static final float MIN_TEXT_SIZE
    private static final java.lang.String mEllipsis
    261:264:public void resizeText()
com.dealersaleschannel.tv.BuildConfig
com.dealersaleschannel.tv.EquipmentActivity:
    private static final int RESULT_SETTINGS
com.dealersaleschannel.tv.ImageActivity:
    485:507:public android.graphics.Bitmap setImageToImageView(java.lang.String)
com.dealersaleschannel.tv.Installation:
    private static final java.lang.String INSTALLATION
    private static final java.lang.String ACTIVATION
    17:17:public Installation()
com.dealersaleschannel.tv.JsonUtils:
    32:32:public JsonUtils()
com.dealersaleschannel.tv.MainActivity:
    public static final java.lang.String cmsUrl
com.dealersaleschannel.tv.R
com.dealersaleschannel.tv.R$attr
com.dealersaleschannel.tv.R$dimen
com.dealersaleschannel.tv.R$drawable
com.dealersaleschannel.tv.R$id
com.dealersaleschannel.tv.R$layout
com.dealersaleschannel.tv.R$menu
com.dealersaleschannel.tv.R$string
com.dealersaleschannel.tv.R$style
com.dealersaleschannel.tv.R$xml
com.dealersaleschannel.tv.Slide:
    139:159:public boolean slideAttributeEquals(java.lang.String,java.lang.String)
com.dealersaleschannel.tv.VideoActivity:
    java.util.Timer timer
com.dealersaleschannel.tv.WeatherActivity:
    org.json.JSONObject jsonWeatherObject
    private static final int RESULT_SETTINGS
com.dealersaleschannel.tv.WeatherAlert:
    12:12:public java.lang.String getType()
    28:28:public java.lang.String getDate()
    44:44:public java.lang.String getMessage()
com.dealersaleschannel.tv.WeatherAlerts:
    private java.lang.String apiKey
    private java.lang.String zipCode
    28:39:public WeatherAlerts(java.lang.String,java.lang.String)
    88:88:public java.lang.String getApiKey()
    92:92:public java.lang.String getZipCode()
    95:95:public java.lang.String getCmsUrl()
    105:136:private void GenerateAlerts()
com.dealersaleschannel.tv.WeatherCacheControl:
    11:11:public WeatherCacheControl()
    40:40:public static void deleteOldWeatherFiles()
com.dealersaleschannel.tv.WeatherCurrentConditions:
    private java.lang.String apiKey
    private java.lang.String zipCode
    33:45:public WeatherCurrentConditions(java.lang.String,java.lang.String)
    113:113:public java.lang.String getApiKey()
    117:117:public java.lang.String getZipCode()
    121:121:public java.lang.String getCmsUrl()
    125:125:public java.lang.String getDay()
    215:267:private void GenerateCurrentConditions()
com.dealersaleschannel.tv.WeatherForecast:
    private java.lang.String apiKey
    private java.lang.String zipCode
    27:37:public WeatherForecast(java.lang.String,java.lang.String)
    84:84:public java.lang.String getApiKey()
    88:88:public java.lang.String getZipCode()
    97:164:private void Generate10DayForecastList()
com.dealersaleschannel.tv.WeatherRadarActivity:
    org.json.JSONObject jsonWeatherObject
    private static final int RESULT_SETTINGS
...
android.support.v4.view.PagerTitleStripIcs
android.support.v4.view.PagerTitleStripIcs$SingleLineAllCapsTransform
android.support.v4.view.VelocityTrackerCompat:
    25:51:public VelocityTrackerCompat()
    91:91:public static float getYVelocity(android.view.VelocityTracker,int)
android.support.v4.view.VelocityTrackerCompat$BaseVelocityTrackerVersionImpl:
    44:44:public float getYVelocity(android.view.VelocityTracker,int)
android.support.v4.view.VelocityTrackerCompat$HoneycombVelocityTrackerVersionImpl:
    58:58:public float getYVelocity(android.view.VelocityTracker,int)
android.support.v4.view.VelocityTrackerCompat$VelocityTrackerVersionImpl:
    public abstract float getYVelocity(android.view.VelocityTracker,int)
android.support.v4.view.VelocityTrackerCompatHoneycomb:
    24:24:VelocityTrackerCompatHoneycomb()
    29:29:public static float getYVelocity(android.view.VelocityTracker,int)
android.support.v4.view.ViewCompat:
    public static final int OVER_SCROLL_ALWAYS
    public static final int OVER_SCROLL_IF_CONTENT_SCROLLS
    public static final int OVER_SCROLL_NEVER
    private static final long FAKE_FRAME_TIME
    public static final int IMPORTANT_FOR_ACCESSIBILITY_AUTO
    public static final int IMPORTANT_FOR_ACCESSIBILITY_YES
    public static final int IMPORTANT_FOR_ACCESSIBILITY_NO
    public static final int LAYER_TYPE_NONE
    public static final int LAYER_TYPE_SOFTWARE
    public static final int LAYER_TYPE_HARDWARE
    31:308:public ViewCompat()
    358:358:public static boolean canScrollVertically(android.view.View,int)
    387:388:public static void setOverScrollMode(android.view.View,int)
    424:425:public static void onPopulateAccessibilityEvent(android.view.View,android.view.accessibility.AccessibilityEvent)
    457:458:public static void onInitializeAccessibilityEvent(android.view.View,android.view.accessibility.AccessibilityEvent)
    493:494:public static void onInitializeAccessibilityNodeInfo(android.view.View,android.support.v4.view.accessibility.AccessibilityNodeInfoCompat)
    508:509:public static void setAccessibilityDelegate(android.view.View,android.support.v4.view.AccessibilityDelegateCompat)
    520:520:public static boolean hasTransientState(android.view.View)
    531:532:public static void setHasTransientState(android.view.View,boolean)
android.support.v4.view.ViewCompat$BaseViewCompatImpl:
    144:144:public boolean canScrollVertically(android.view.View,int)
    151:151:public void setOverScrollMode(android.view.View,int)
    154:154:public void setAccessibilityDelegate(android.view.View,android.support.v4.view.AccessibilityDelegateCompat)
    157:157:public void onPopulateAccessibilityEvent(android.view.View,android.view.accessibility.AccessibilityEvent)
    160:160:public void onInitializeAccessibilityEvent(android.view.View,android.view.accessibility.AccessibilityEvent)
    163:163:public void onInitializeAccessibilityNodeInfo(android.view.View,android.support.v4.view.accessibility.AccessibilityNodeInfoCompat)
    166:166:public boolean hasTransientState(android.view.View)
    170:170:public void setHasTransientState(android.view.View,boolean)
    175:176:public void postInvalidateOnAnimation(android.view.View,int,int,int,int)
    181:182:public void postOnAnimationDelayed(android.view.View,java.lang.Runnable,long)
    187:187:public int getImportantForAccessibility(android.view.View)
    191:191:public void setImportantForAccessibility(android.view.View,int)
    193:193:public boolean performAccessibilityAction(android.view.View,int,android.os.Bundle)
    196:196:public android.support.v4.view.accessibility.AccessibilityNodeProviderCompat getAccessibilityNodeProvider(android.view.View)
    201:201:public int getLayerType(android.view.View)
android.support.v4.view.ViewCompat$GBViewCompatImpl:
    218:219:public void setOverScrollMode(android.view.View,int)